compute-026
compute-026
compute-026
compute-026
compute-026
compute-026
compute-026
compute-026
compute-026
compute-026
compute-026
compute-026
compute-026
compute-026
compute-026
compute-026
compute-026
compute-026
compute-026
compute-026
compute-026
compute-026
compute-026
compute-026
compute-026
compute-026
compute-026
compute-026
compute-027
compute-027
compute-027
compute-027
compute-027
compute-027
compute-027
compute-027
compute-027
compute-027
compute-027
compute-027
compute-027
compute-027
compute-027
compute-027
compute-027
compute-027
compute-027
compute-027
compute-027
compute-027
compute-027
compute-027
compute-027
compute-027
compute-027
compute-027
compute-028
compute-028
compute-028
compute-028
compute-028
compute-028
compute-028
compute-028
compute-028
compute-028
compute-028
compute-028
compute-028
compute-028
compute-028
compute-028
compute-028
compute-028
compute-028
compute-028
compute-028
compute-028
compute-028
compute-028
compute-028
compute-028
compute-028
compute-028
compute-029
compute-029
compute-029
compute-029
compute-029
compute-029
compute-029
compute-029
compute-029
compute-029
compute-029
compute-029
compute-029
compute-029
compute-029
compute-029
compute-029
compute-029
compute-029
compute-029
compute-029
compute-029
compute-029
compute-029
compute-029
compute-029
compute-029
compute-029
compute-030
compute-030
compute-030
compute-030
compute-030
compute-030
compute-030
compute-030
compute-030
compute-030
compute-030
compute-030
compute-030
compute-030
compute-030
compute-030
compute-030
compute-030
compute-030
compute-030
compute-030
compute-030
compute-030
compute-030
compute-030
compute-030
compute-030
compute-030
compute-031
compute-031
compute-031
compute-031
compute-031
compute-031
compute-031
compute-031
compute-031
compute-031
compute-031
compute-031
compute-031
compute-031
compute-031
compute-031
compute-031
compute-031
compute-031
compute-031
compute-031
compute-031
compute-031
compute-031
compute-031
compute-031
compute-031
compute-031
compute-032
compute-032
compute-032
compute-032
compute-032
compute-032
compute-032
compute-032
compute-032
compute-032
compute-032
compute-032
compute-032
compute-032
compute-032
compute-032
compute-032
compute-032
compute-032
compute-032
compute-032
compute-032
compute-032
compute-032
compute-032
compute-032
compute-032
compute-032
compute-033
compute-033
compute-033
compute-033
compute-033
compute-033
compute-033
compute-033
compute-033
compute-033
compute-033
compute-033
compute-033
compute-033
compute-033
compute-033
compute-033
compute-033
compute-033
compute-033
compute-033
compute-033
compute-033
compute-033
compute-033
compute-033
compute-033
compute-033
compute-034
compute-034
compute-034
compute-034
compute-034
compute-034
compute-034
compute-034
compute-034
compute-034
compute-034
compute-034
compute-034
compute-034
compute-034
compute-034
compute-034
compute-034
compute-034
compute-034
compute-034
compute-034
compute-034
compute-034
compute-034
compute-034
compute-034
compute-034
compute-035
compute-035
compute-035
compute-035
compute-035
compute-035
compute-035
compute-035
compute-035
compute-035
compute-035
compute-035
compute-035
compute-035
compute-035
compute-035
compute-035
compute-035
compute-035
compute-035
compute-035
compute-035
compute-035
compute-035
compute-035
compute-035
compute-035
compute-035
compute-038
compute-038
compute-038
compute-038
compute-038
compute-038
compute-038
compute-038
compute-038
compute-038
compute-038
compute-038
compute-038
compute-038
compute-038
compute-038
compute-038
compute-038
compute-038
compute-038
compute-038
compute-038
compute-038
compute-038
compute-038
compute-038
compute-038
compute-038
compute-039
compute-039
compute-039
compute-039
compute-039
compute-039
compute-039
compute-039
compute-039
compute-039
compute-039
compute-039
compute-039
compute-039
compute-039
compute-039
compute-039
compute-039
compute-039
compute-039
compute-039
compute-039
compute-039
compute-039
compute-039
compute-039
compute-039
compute-039
compute-040
compute-040
compute-040
compute-040
compute-040
compute-040
compute-040
compute-040
compute-040
compute-040
compute-040
compute-040
compute-040
compute-040
compute-040
compute-040
compute-040
compute-040
compute-040
compute-040
compute-040
compute-040
compute-040
compute-040
compute-040
compute-040
compute-040
compute-040
compute-041
compute-041
compute-041
compute-041
compute-041
compute-041
compute-041
compute-041
compute-041
compute-041
compute-041
compute-041
compute-041
compute-041
compute-041
compute-041
compute-041
compute-041
compute-041
compute-041
compute-041
compute-041
compute-041
compute-041
compute-041
compute-041
compute-041
compute-041
compute-043
compute-043
compute-043
compute-043
compute-043
compute-043
compute-043
compute-043
compute-043
compute-043
compute-043
compute-043
compute-043
compute-043
compute-043
compute-043
compute-043
compute-043
compute-043
compute-043
compute-043
compute-043
compute-043
compute-043
compute-043
compute-043
compute-043
compute-043
compute-045
compute-045
compute-045
compute-045
compute-045
compute-045
compute-045
compute-045
compute-045
compute-045
compute-045
compute-045
compute-045
compute-045
compute-045
compute-045
compute-045
compute-045
compute-045
compute-045
compute-045
compute-045
compute-045
compute-045
compute-045
compute-045
compute-045
compute-045
compute-046
compute-046
compute-046
compute-046
compute-046
compute-046
compute-046
compute-046
compute-046
compute-046
compute-046
compute-046
compute-046
compute-046
compute-046
compute-046
compute-046
compute-046
compute-046
compute-046
compute-046
compute-046
compute-046
compute-046
compute-046
compute-046
compute-046
compute-046
compute-047
compute-047
compute-047
compute-047
compute-047
compute-047
compute-047
compute-047
compute-047
compute-047
compute-047
compute-047
compute-047
compute-047
compute-047
compute-047
compute-047
compute-047
compute-047
compute-047
compute-047
compute-047
compute-047
compute-047
compute-047
compute-047
compute-047
compute-047
compute-048
compute-048
compute-048
compute-048
compute-048
compute-048
compute-048
compute-048
compute-048
compute-048
compute-048
compute-048
compute-048
compute-048
compute-048
compute-048
compute-048
compute-048
compute-048
compute-048
compute-048
compute-048
compute-048
compute-048
compute-048
compute-048
compute-048
compute-048
compute-049
compute-049
compute-049
compute-049
compute-049
compute-049
compute-049
compute-049
compute-049
compute-049
compute-049
compute-049
compute-049
compute-049
compute-049
compute-049
compute-049
compute-049
compute-049
compute-049
compute-049
compute-049
compute-049
compute-049
compute-049
compute-049
compute-049
compute-049
compute-050
compute-050
compute-050
compute-050
compute-050
compute-050
compute-050
compute-050
compute-050
compute-050
compute-050
compute-050
compute-050
compute-050
compute-050
compute-050
compute-050
compute-050
compute-050
compute-050
compute-050
compute-050
compute-050
compute-050
compute-050
compute-050
compute-050
compute-050
compute-051
compute-051
compute-051
compute-051
compute-051
compute-051
compute-051
compute-051
compute-051
compute-051
compute-051
compute-051
compute-051
compute-051
compute-051
compute-051
compute-051
compute-051
compute-051
compute-051
compute-051
compute-051
compute-051
compute-051
compute-051
compute-051
compute-051
compute-051
compute-052
compute-052
compute-052
compute-052
compute-052
compute-052
compute-052
compute-052
compute-052
compute-052
compute-052
compute-052
compute-052
compute-052
compute-052
compute-052
compute-052
compute-052
compute-052
compute-052
compute-052
compute-052
compute-052
compute-052
compute-052
compute-052
compute-052
compute-052
compute-053
compute-053
compute-053
compute-053
compute-053
compute-053
compute-053
compute-053
compute-053
compute-053
compute-053
compute-053
compute-053
compute-053
compute-053
compute-053
compute-053
compute-053
compute-053
compute-053
compute-053
compute-053
compute-053
compute-053
compute-053
compute-053
compute-053
compute-053
compute-054
compute-054
compute-054
compute-054
compute-054
compute-054
compute-054
compute-054
compute-054
compute-054
compute-054
compute-054
compute-054
compute-054
compute-054
compute-054
compute-054
compute-054
compute-054
compute-054
compute-054
compute-054
compute-054
compute-054
compute-054
compute-054
compute-054
compute-054
compute-055
compute-055
compute-055
compute-055
compute-055
compute-055
compute-055
compute-055
compute-055
compute-055
compute-055
compute-055
compute-055
compute-055
compute-055
compute-055
compute-055
compute-055
compute-055
compute-055
compute-055
compute-055
compute-055
compute-055
compute-055
compute-055
compute-055
compute-055
compute-056
compute-056
compute-056
compute-056
compute-056
compute-056
compute-056
compute-056
compute-056
compute-056
compute-056
compute-056
compute-056
compute-056
compute-056
compute-056
compute-056
compute-056
compute-056
compute-056
compute-056
compute-056
compute-056
compute-056
compute-056
compute-056
compute-056
compute-056
compute-057
compute-057
compute-057
compute-057
compute-057
compute-057
compute-057
compute-057
compute-057
compute-057
compute-057
compute-057
compute-057
compute-057
compute-057
compute-057
compute-057
compute-057
compute-057
compute-057
compute-057
compute-057
compute-057
compute-057
compute-057
compute-057
compute-057
compute-057
compute-058
compute-058
compute-058
compute-058
compute-058
compute-058
compute-058
compute-058
compute-058
compute-058
compute-058
compute-058
compute-058
compute-058
compute-058
compute-058
compute-058
compute-058
compute-058
compute-058
compute-058
compute-058
compute-058
compute-058
compute-058
compute-058
compute-058
compute-058
compute-059
compute-059
compute-059
compute-059
compute-059
compute-059
compute-059
compute-059
compute-059
compute-059
compute-059
compute-059
compute-059
compute-059
compute-059
compute-059
compute-059
compute-059
compute-059
compute-059
compute-059
compute-059
compute-059
compute-059
compute-059
compute-059
compute-059
compute-059
compute-060
compute-060
compute-060
compute-060
compute-060
compute-060
compute-060
compute-060
compute-060
compute-060
compute-060
compute-060
compute-060
compute-060
compute-060
compute-060
compute-060
compute-060
compute-060
compute-060
compute-060
compute-060
compute-060
compute-060
compute-060
compute-060
compute-060
compute-060
compute-061
compute-061
compute-061
compute-061
compute-061
compute-061
compute-061
compute-061
compute-061
compute-061
compute-061
compute-061
compute-061
compute-061
compute-061
compute-061
compute-061
compute-061
compute-061
compute-061
compute-061
compute-061
compute-061
compute-061
compute-061
compute-061
compute-061
compute-061
compute-062
compute-062
compute-062
compute-062
compute-062
compute-062
compute-062
compute-062
compute-062
compute-062
compute-062
compute-062
compute-062
compute-062
compute-062
compute-062
compute-062
compute-062
compute-062
compute-062
compute-062
compute-062
compute-062
compute-062
compute-062
compute-062
compute-062
compute-062
compute-063
compute-063
compute-063
compute-063
compute-063
compute-063
compute-063
compute-063
compute-063
compute-063
compute-063
compute-063
compute-063
compute-063
compute-063
compute-063
compute-063
compute-063
compute-063
compute-063
compute-063
compute-063
compute-063
compute-063
compute-063
compute-063
compute-063
compute-063
compute-064
compute-064
compute-064
compute-064
compute-064
compute-064
compute-064
compute-064
compute-064
compute-064
compute-064
compute-064
compute-064
compute-064
compute-064
compute-064
compute-064
compute-064
compute-064
compute-064
compute-064
compute-064
compute-064
compute-064
compute-064
compute-064
compute-064
compute-064
compute-065
compute-065
compute-065
compute-065
compute-065
compute-065
compute-065
compute-065
compute-065
compute-065
compute-065
compute-065
compute-065
compute-065
compute-065
compute-065
compute-065
compute-065
compute-065
compute-065
compute-065
compute-065
compute-065
compute-065
compute-065
compute-065
compute-065
compute-065
compute-066
compute-066
compute-066
compute-066
compute-066
compute-066
compute-066
compute-066
compute-066
compute-066
compute-066
compute-066
compute-066
compute-066
compute-066
compute-066
compute-066
compute-066
compute-066
compute-066
compute-066
compute-066
compute-066
compute-066
compute-066
compute-066
compute-066
compute-066
compute-067
compute-067
compute-067
compute-067
compute-067
compute-067
compute-067
compute-067
compute-067
compute-067
compute-067
compute-067
compute-067
compute-067
compute-067
compute-067
compute-067
compute-067
compute-067
compute-067
compute-067
compute-067
compute-067
compute-067
compute-067
compute-067
compute-067
compute-067
compute-068
compute-068
compute-068
compute-068
compute-068
compute-068
compute-068
compute-068
compute-068
compute-068
compute-068
compute-068
compute-068
compute-068
compute-068
compute-068
compute-068
compute-068
compute-068
compute-068
compute-068
compute-068
compute-068
compute-068
compute-068
compute-068
compute-068
compute-068
compute-069
compute-069
compute-069
compute-069
compute-069
compute-069
compute-069
compute-069
compute-069
compute-069
compute-069
compute-069
compute-069
compute-069
compute-069
compute-069
compute-069
compute-069
compute-069
compute-069
compute-069
compute-069
compute-069
compute-069
compute-069
compute-069
compute-069
compute-069
compute-070
compute-070
compute-070
compute-070
compute-070
compute-070
compute-070
compute-070
compute-070
compute-070
compute-070
compute-070
compute-070
compute-070
compute-070
compute-070
compute-070
compute-070
compute-070
compute-070
compute-070
compute-070
compute-070
compute-070
compute-070
compute-070
compute-070
compute-070
compute-071
compute-071
compute-071
compute-071
compute-071
compute-071
compute-071
compute-071
compute-071
compute-071
compute-071
compute-071
compute-071
compute-071
compute-071
compute-071
compute-071
compute-071
compute-071
compute-071
compute-071
compute-071
compute-071
compute-071
compute-071
compute-071
compute-071
compute-071
compute-080
compute-080
compute-080
compute-080
compute-080
compute-080
compute-080
compute-080
compute-080
compute-080
compute-080
compute-080
compute-080
compute-080
compute-080
compute-080
compute-080
compute-080
compute-080
compute-080
compute-080
compute-080
compute-080
compute-080
compute-080
compute-080
compute-080
compute-080
compute-081
compute-081
compute-081
compute-081
compute-081
compute-081
compute-081
compute-081
compute-081
compute-081
compute-081
compute-081
compute-081
compute-081
compute-081
compute-081
compute-081
compute-081
compute-081
compute-081
compute-081
compute-081
compute-081
compute-081
compute-081
compute-081
compute-081
compute-081
compute-082
compute-082
compute-082
compute-082
compute-082
compute-082
compute-082
compute-082
compute-082
compute-082
compute-082
compute-082
compute-082
compute-082
compute-082
compute-082
compute-082
compute-082
compute-082
compute-082
compute-082
compute-082
compute-082
compute-082
compute-082
compute-082
compute-082
compute-082
compute-083
compute-083
compute-083
compute-083
compute-083
compute-083
compute-083
compute-083
compute-083
compute-083
compute-083
compute-083
compute-083
compute-083
compute-083
compute-083
compute-083
compute-083
compute-083
compute-083
compute-083
compute-083
compute-083
compute-083
compute-083
compute-083
compute-083
compute-083
compute-084
compute-084
compute-084
compute-084
compute-084
compute-084
compute-084
compute-084
compute-084
compute-084
compute-084
compute-084
compute-084
compute-084
compute-084
compute-084
compute-084
compute-084
compute-084
compute-084
compute-084
compute-084
compute-084
compute-084
compute-084
compute-084
compute-084
compute-084
compute-085
compute-085
compute-085
compute-085
compute-085
compute-085
compute-085
compute-085
compute-085
compute-085
compute-085
compute-085
compute-085
compute-085
compute-085
compute-085
compute-085
compute-085
compute-085
compute-085
compute-085
compute-085
compute-085
compute-085
compute-085
compute-085
compute-085
compute-085
compute-086
compute-086
compute-086
compute-086
compute-086
compute-086
compute-086
compute-086
compute-086
compute-086
compute-086
compute-086
compute-086
compute-086
compute-086
compute-086
compute-086
compute-086
compute-086
compute-086
compute-086
compute-086
compute-086
compute-086
compute-086
compute-086
compute-086
compute-086
compute-087
compute-087
compute-087
compute-087
compute-087
compute-087
compute-087
compute-087
compute-087
compute-087
compute-087
compute-087
compute-087
compute-087
compute-087
compute-087
compute-087
compute-087
compute-087
compute-087
compute-087
compute-087
compute-087
compute-087
compute-087
compute-087
compute-087
compute-087
compute-092
compute-092
compute-092
compute-092
compute-092
compute-092
compute-092
compute-092
compute-092
compute-092
compute-092
compute-092
compute-092
compute-092
compute-092
compute-092
compute-092
compute-092
compute-092
compute-092
compute-092
compute-092
compute-092
compute-092
compute-092
compute-092
compute-092
compute-092
compute-093
compute-093
compute-093
compute-093
compute-093
compute-093
compute-093
compute-093
compute-093
compute-093
compute-093
compute-093
compute-093
compute-093
compute-093
compute-093
compute-093
compute-093
compute-093
compute-093
compute-093
compute-093
compute-093
compute-093
compute-093
compute-093
compute-093
compute-093
compute-094
compute-094
compute-094
compute-094
compute-094
compute-094
compute-094
compute-094
compute-094
compute-094
compute-094
compute-094
compute-094
compute-094
compute-094
compute-094
compute-094
compute-094
compute-094
compute-094
compute-094
compute-094
compute-094
compute-094
compute-094
compute-094
compute-094
compute-094
compute-095
compute-095
compute-095
compute-095
compute-095
compute-095
compute-095
compute-095
compute-095
compute-095
compute-095
compute-095
compute-095
compute-095
compute-095
compute-095
compute-095
compute-095
compute-095
compute-095
compute-095
compute-095
compute-095
compute-095
compute-095
compute-095
compute-095
compute-095
compute-096
compute-096
compute-096
compute-096
compute-096
compute-096
compute-096
compute-096
compute-096
compute-096
compute-096
compute-096
compute-096
compute-096
compute-096
compute-096
compute-096
compute-096
compute-096
compute-096
compute-096
compute-096
compute-096
compute-096
compute-096
compute-096
compute-096
compute-096
compute-097
compute-097
compute-097
compute-097
compute-097
compute-097
compute-097
compute-097
compute-097
compute-097
compute-097
compute-097
compute-097
compute-097
compute-097
compute-097
compute-097
compute-097
compute-097
compute-097
compute-097
compute-097
compute-097
compute-097
compute-097
compute-097
compute-097
compute-097
compute-098
compute-098
compute-098
compute-098
compute-098
compute-098
compute-098
compute-098
compute-098
compute-098
compute-098
compute-098
compute-098
compute-098
compute-098
compute-098
compute-098
compute-098
compute-098
compute-098
compute-098
compute-098
compute-098
compute-098
compute-098
compute-098
compute-098
compute-098
compute-100
compute-100
compute-100
compute-100
compute-100
compute-100
compute-100
compute-100
compute-100
compute-100
compute-100
compute-100
compute-100
compute-100
compute-100
compute-100
compute-100
compute-100
compute-100
compute-100
compute-100
compute-100
compute-100
compute-100
compute-100
compute-100
compute-100
compute-100
compute-101
compute-101
compute-101
compute-101
compute-101
compute-101
compute-101
compute-101
compute-101
compute-101
compute-101
compute-101
compute-101
compute-101
compute-101
compute-101
compute-101
compute-101
compute-101
compute-101
compute-101
compute-101
compute-101
compute-101
compute-101
compute-101
compute-101
compute-101
compute-102
compute-102
compute-102
compute-102
compute-102
compute-102
compute-102
compute-102
compute-102
compute-102
compute-102
compute-102
compute-102
compute-102
compute-102
compute-102
compute-102
compute-102
compute-102
compute-102
compute-102
compute-102
compute-102
compute-102
compute-102
compute-102
compute-102
compute-102
compute-103
compute-103
compute-103
compute-103
compute-103
compute-103
compute-103
compute-103
compute-103
compute-103
compute-103
compute-103
compute-103
compute-103
compute-103
compute-103
compute-103
compute-103
compute-103
compute-103
compute-103
compute-103
compute-103
compute-103
compute-103
compute-103
compute-103
compute-103
compute-104
compute-104
compute-104
compute-104
compute-104
compute-104
compute-104
compute-104
compute-104
compute-104
compute-104
compute-104
compute-104
compute-104
compute-104
compute-104
compute-104
compute-104
compute-104
compute-104
compute-104
compute-104
compute-104
compute-104
compute-104
compute-104
compute-104
compute-104
compute-105
compute-105
compute-105
compute-105
compute-105
compute-105
compute-105
compute-105
compute-105
compute-105
compute-105
compute-105
compute-105
compute-105
compute-105
compute-105
compute-105
compute-105
compute-105
compute-105
compute-105
compute-105
compute-105
compute-105
compute-105
compute-105
compute-105
compute-105
compute-106
compute-106
compute-106
compute-106
compute-106
compute-106
compute-106
compute-106
compute-106
compute-106
compute-106
compute-106
compute-106
compute-106
compute-106
compute-106
compute-106
compute-106
compute-106
compute-106
compute-106
compute-106
compute-106
compute-106
compute-106
compute-106
compute-106
compute-106
compute-107
compute-107
compute-107
compute-107
compute-107
compute-107
compute-107
compute-107
compute-107
compute-107
compute-107
compute-107
compute-107
compute-107
compute-107
compute-107
compute-107
compute-107
compute-107
compute-107
compute-107
compute-107
compute-107
compute-107
compute-107
compute-107
compute-107
compute-107
function (x) 
{
    structure(x, class = unique(c("AsIs", oldClass(x))))
}
<bytecode: 0x1c7c338>
<environment: namespace:base>
Loading required package: sp
Loading required package: methods
Loading required package: raster
Loading required package: parallel
Loading required package: reshape
Loading required package: ggplot2
biomod2 3.3-7 loaded.

Type browseVignettes(package='biomod2') to access directly biomod2 vignettes.
Loading required package: snow

Attaching package: 'snow'

The following objects are masked from 'package:parallel':

    clusterApply, clusterApplyLB, clusterCall, clusterEvalQ,
    clusterExport, clusterMap, clusterSplit, makeCluster, parApply,
    parCapply, parLapply, parRapply, parSapply, splitIndices,
    stopCluster

Loading required package: nlme

Attaching package: 'nlme'

The following object is masked from 'package:raster':

    getData

This is mgcv 1.8-17. For overview type 'help("mgcv-package")'.
c("Ancho", "Apachito", "Arrocillo.Amarillo", "Azul", "Blando", 
"Bofo", "Bolita", "Cacahuacintle", "Celaya", "Chalqueño", "Chapalote", 
"Chiquito", "Choapaneco", "Comiteco", "Complejo.Serrano.de.Jalisco", 
"Conejo", "Cónico", "Cónico.Norteño", "Coscomatepec", "Cristalino.de.Chihuahua", 
"Cubano.Amarillo", "Dulce", "Dulcillo.del.Noroeste", "Dzit.Bacal", 
"Elotero.de.Sinaloa", "Elotes.Cónicos", "Elotes.Occidentales", 
"Gordo", "Harinoso.de.Ocho", "Jala", "Mixeño", "Mixteco", "Motozinteco", 
"Mountain.Yellow", "Mushito", "Mushito.de.Michoacán", "Nal.tel", 
"Nal.tel.de.Altura", "Negrito", "Negro.de.Chimaltenango", "Olotillo", 
"Olotón", "Onaveño", "Palomero.de.Chihuahua", "Palomero.de.Jalisco", 
"Palomero.Toluqueño", "Pepitilla", "Quicheño", "Ratón", "Reventador", 
"Serrano", "Serrano.Mixe", "Tablilla.de.Ocho", "Tabloncillo", 
"Tabloncillo.Perla", "Tehua", "Tepecintle", "Tuxpeño", "Tuxpeño.Norteño", 
"Uruapeño", "Vandeño", "Zamorano.Amarillo", "Zapalote.Chico", 
"Zapalote.Grande")
	64 slaves are spawned successfully. 0 failed.
